2013-12-30 15:36:09 SELECT * FROM social_member WHERE username='' LIMIT 1
2013-12-30 15:36:09 cannot login, password or username not exists 
2013-12-30 15:36:21 SELECT * FROM social_member WHERE username='acit' LIMIT 1
2013-12-30 15:36:21 can login
2013-12-30 15:36:23 
			SELECT sm.*,cityref.city as cityname ,YEAR(
				CURRENT_TIMESTAMP ) - YEAR( sm.birthday ) - ( RIGHT(
				CURRENT_TIMESTAMP , 5 ) < RIGHT( sm.birthday, 5 ) ) AS age
			FROM social_member sm
			LEFT JOIN  city_references cityref ON sm.city = cityref.id
			WHERE sm.id = 7084 LIMIT 1
2013-12-30 15:36:26 
			SELECT sm.*,cityref.city as cityname ,YEAR(
				CURRENT_TIMESTAMP ) - YEAR( sm.birthday ) - ( RIGHT(
				CURRENT_TIMESTAMP , 5 ) < RIGHT( sm.birthday, 5 ) ) AS age
			FROM social_member sm
			LEFT JOIN  city_references cityref ON sm.city = cityref.id
			WHERE sm.id = 7084 LIMIT 1
2013-12-30 15:37:04 
			SELECT sm.*,cityref.city as cityname ,YEAR(
				CURRENT_TIMESTAMP ) - YEAR( sm.birthday ) - ( RIGHT(
				CURRENT_TIMESTAMP , 5 ) < RIGHT( sm.birthday, 5 ) ) AS age
			FROM social_member sm
			LEFT JOIN  city_references cityref ON sm.city = cityref.id
			WHERE sm.id = 7084 LIMIT 1
2013-12-30 15:41:18 
			SELECT sm.*,cityref.city as cityname ,YEAR(
				CURRENT_TIMESTAMP ) - YEAR( sm.birthday ) - ( RIGHT(
				CURRENT_TIMESTAMP , 5 ) < RIGHT( sm.birthday, 5 ) ) AS age
			FROM social_member sm
			LEFT JOIN  city_references cityref ON sm.city = cityref.id
			WHERE sm.id = 7084 LIMIT 1
2013-12-30 15:42:42 
			SELECT sm.*,cityref.city as cityname ,YEAR(
				CURRENT_TIMESTAMP ) - YEAR( sm.birthday ) - ( RIGHT(
				CURRENT_TIMESTAMP , 5 ) < RIGHT( sm.birthday, 5 ) ) AS age
			FROM social_member sm
			LEFT JOIN  city_references cityref ON sm.city = cityref.id
			WHERE sm.id = 7084 LIMIT 1
2013-12-30 15:42:43 
			SELECT sm.*,cityref.city as cityname ,YEAR(
				CURRENT_TIMESTAMP ) - YEAR( sm.birthday ) - ( RIGHT(
				CURRENT_TIMESTAMP , 5 ) < RIGHT( sm.birthday, 5 ) ) AS age
			FROM social_member sm
			LEFT JOIN  city_references cityref ON sm.city = cityref.id
			WHERE sm.id = 7084 LIMIT 1
2013-12-30 15:42:44 
			SELECT sm.*,cityref.city as cityname ,YEAR(
				CURRENT_TIMESTAMP ) - YEAR( sm.birthday ) - ( RIGHT(
				CURRENT_TIMESTAMP , 5 ) < RIGHT( sm.birthday, 5 ) ) AS age
			FROM social_member sm
			LEFT JOIN  city_references cityref ON sm.city = cityref.id
			WHERE sm.id = 7084 LIMIT 1
2013-12-30 15:42:46 
			SELECT sm.*,cityref.city as cityname ,YEAR(
				CURRENT_TIMESTAMP ) - YEAR( sm.birthday ) - ( RIGHT(
				CURRENT_TIMESTAMP , 5 ) < RIGHT( sm.birthday, 5 ) ) AS age
			FROM social_member sm
			LEFT JOIN  city_references cityref ON sm.city = cityref.id
			WHERE sm.id = 7084 LIMIT 1
2013-12-30 15:43:34 
			SELECT sm.*,cityref.city as cityname ,YEAR(
				CURRENT_TIMESTAMP ) - YEAR( sm.birthday ) - ( RIGHT(
				CURRENT_TIMESTAMP , 5 ) < RIGHT( sm.birthday, 5 ) ) AS age
			FROM social_member sm
			LEFT JOIN  city_references cityref ON sm.city = cityref.id
			WHERE sm.id = 7084 LIMIT 1
2013-12-30 15:44:14 
			SELECT sm.*,cityref.city as cityname ,YEAR(
				CURRENT_TIMESTAMP ) - YEAR( sm.birthday ) - ( RIGHT(
				CURRENT_TIMESTAMP , 5 ) < RIGHT( sm.birthday, 5 ) ) AS age
			FROM social_member sm
			LEFT JOIN  city_references cityref ON sm.city = cityref.id
			WHERE sm.id = 7084 LIMIT 1
2013-12-30 15:45:34 SELECT * FROM social_member WHERE username='' LIMIT 1
2013-12-30 15:45:34 cannot login, password or username not exists 
2013-12-30 15:48:34 
			SELECT sm.*,cityref.city as cityname ,YEAR(
				CURRENT_TIMESTAMP ) - YEAR( sm.birthday ) - ( RIGHT(
				CURRENT_TIMESTAMP , 5 ) < RIGHT( sm.birthday, 5 ) ) AS age
			FROM social_member sm
			LEFT JOIN  city_references cityref ON sm.city = cityref.id
			WHERE sm.id = 7084 LIMIT 1
2013-12-30 15:49:09 
			SELECT sm.*,cityref.city as cityname ,YEAR(
				CURRENT_TIMESTAMP ) - YEAR( sm.birthday ) - ( RIGHT(
				CURRENT_TIMESTAMP , 5 ) < RIGHT( sm.birthday, 5 ) ) AS age
			FROM social_member sm
			LEFT JOIN  city_references cityref ON sm.city = cityref.id
			WHERE sm.id = 7084 LIMIT 1
2013-12-30 15:58:01 
			SELECT sm.*,cityref.city as cityname ,YEAR(
				CURRENT_TIMESTAMP ) - YEAR( sm.birthday ) - ( RIGHT(
				CURRENT_TIMESTAMP , 5 ) < RIGHT( sm.birthday, 5 ) ) AS age
			FROM social_member sm
			LEFT JOIN  city_references cityref ON sm.city = cityref.id
			WHERE sm.id = 7084 LIMIT 1
2013-12-30 15:58:04 
			SELECT sm.*,cityref.city as cityname ,YEAR(
				CURRENT_TIMESTAMP ) - YEAR( sm.birthday ) - ( RIGHT(
				CURRENT_TIMESTAMP , 5 ) < RIGHT( sm.birthday, 5 ) ) AS age
			FROM social_member sm
			LEFT JOIN  city_references cityref ON sm.city = cityref.id
			WHERE sm.id = 7084 LIMIT 1
2013-12-30 15:58:58 
			SELECT sm.*,cityref.city as cityname ,YEAR(
				CURRENT_TIMESTAMP ) - YEAR( sm.birthday ) - ( RIGHT(
				CURRENT_TIMESTAMP , 5 ) < RIGHT( sm.birthday, 5 ) ) AS age
			FROM social_member sm
			LEFT JOIN  city_references cityref ON sm.city = cityref.id
			WHERE sm.id = 7084 LIMIT 1
2013-12-30 15:59:01 
			SELECT sm.*,cityref.city as cityname ,YEAR(
				CURRENT_TIMESTAMP ) - YEAR( sm.birthday ) - ( RIGHT(
				CURRENT_TIMESTAMP , 5 ) < RIGHT( sm.birthday, 5 ) ) AS age
			FROM social_member sm
			LEFT JOIN  city_references cityref ON sm.city = cityref.id
			WHERE sm.id = 7084 LIMIT 1
2013-12-30 15:59:19 
			SELECT sm.*,cityref.city as cityname ,YEAR(
				CURRENT_TIMESTAMP ) - YEAR( sm.birthday ) - ( RIGHT(
				CURRENT_TIMESTAMP , 5 ) < RIGHT( sm.birthday, 5 ) ) AS age
			FROM social_member sm
			LEFT JOIN  city_references cityref ON sm.city = cityref.id
			WHERE sm.id = 7084 LIMIT 1
2013-12-30 15:59:21 
			SELECT sm.*,cityref.city as cityname ,YEAR(
				CURRENT_TIMESTAMP ) - YEAR( sm.birthday ) - ( RIGHT(
				CURRENT_TIMESTAMP , 5 ) < RIGHT( sm.birthday, 5 ) ) AS age
			FROM social_member sm
			LEFT JOIN  city_references cityref ON sm.city = cityref.id
			WHERE sm.id = 7084 LIMIT 1
2013-12-30 15:59:26 
			SELECT sm.*,cityref.city as cityname ,YEAR(
				CURRENT_TIMESTAMP ) - YEAR( sm.birthday ) - ( RIGHT(
				CURRENT_TIMESTAMP , 5 ) < RIGHT( sm.birthday, 5 ) ) AS age
			FROM social_member sm
			LEFT JOIN  city_references cityref ON sm.city = cityref.id
			WHERE sm.id = 7084 LIMIT 1
2013-12-30 15:59:32 
			SELECT sm.*,cityref.city as cityname ,YEAR(
				CURRENT_TIMESTAMP ) - YEAR( sm.birthday ) - ( RIGHT(
				CURRENT_TIMESTAMP , 5 ) < RIGHT( sm.birthday, 5 ) ) AS age
			FROM social_member sm
			LEFT JOIN  city_references cityref ON sm.city = cityref.id
			WHERE sm.id = 7084 LIMIT 1
2013-12-30 15:59:48 
			SELECT sm.*,cityref.city as cityname ,YEAR(
				CURRENT_TIMESTAMP ) - YEAR( sm.birthday ) - ( RIGHT(
				CURRENT_TIMESTAMP , 5 ) < RIGHT( sm.birthday, 5 ) ) AS age
			FROM social_member sm
			LEFT JOIN  city_references cityref ON sm.city = cityref.id
			WHERE sm.id = 7084 LIMIT 1
2013-12-30 15:59:54 
			SELECT sm.*,cityref.city as cityname ,YEAR(
				CURRENT_TIMESTAMP ) - YEAR( sm.birthday ) - ( RIGHT(
				CURRENT_TIMESTAMP , 5 ) < RIGHT( sm.birthday, 5 ) ) AS age
			FROM social_member sm
			LEFT JOIN  city_references cityref ON sm.city = cityref.id
			WHERE sm.id = 7084 LIMIT 1
2013-12-30 16:00:41 
			SELECT sm.*,cityref.city as cityname ,YEAR(
				CURRENT_TIMESTAMP ) - YEAR( sm.birthday ) - ( RIGHT(
				CURRENT_TIMESTAMP , 5 ) < RIGHT( sm.birthday, 5 ) ) AS age
			FROM social_member sm
			LEFT JOIN  city_references cityref ON sm.city = cityref.id
			WHERE sm.id = 7084 LIMIT 1
2013-12-30 16:02:37 
			SELECT sm.*,cityref.city as cityname ,YEAR(
				CURRENT_TIMESTAMP ) - YEAR( sm.birthday ) - ( RIGHT(
				CURRENT_TIMESTAMP , 5 ) < RIGHT( sm.birthday, 5 ) ) AS age
			FROM social_member sm
			LEFT JOIN  city_references cityref ON sm.city = cityref.id
			WHERE sm.id = 7084 LIMIT 1
2013-12-30 16:02:55 
			SELECT sm.*,cityref.city as cityname ,YEAR(
				CURRENT_TIMESTAMP ) - YEAR( sm.birthday ) - ( RIGHT(
				CURRENT_TIMESTAMP , 5 ) < RIGHT( sm.birthday, 5 ) ) AS age
			FROM social_member sm
			LEFT JOIN  city_references cityref ON sm.city = cityref.id
			WHERE sm.id = 7084 LIMIT 1
2013-12-30 16:06:29 
			SELECT sm.*,cityref.city as cityname ,YEAR(
				CURRENT_TIMESTAMP ) - YEAR( sm.birthday ) - ( RIGHT(
				CURRENT_TIMESTAMP , 5 ) < RIGHT( sm.birthday, 5 ) ) AS age
			FROM social_member sm
			LEFT JOIN  city_references cityref ON sm.city = cityref.id
			WHERE sm.id = 7084 LIMIT 1
2013-12-30 16:06:42 
			SELECT sm.*,cityref.city as cityname ,YEAR(
				CURRENT_TIMESTAMP ) - YEAR( sm.birthday ) - ( RIGHT(
				CURRENT_TIMESTAMP , 5 ) < RIGHT( sm.birthday, 5 ) ) AS age
			FROM social_member sm
			LEFT JOIN  city_references cityref ON sm.city = cityref.id
			WHERE sm.id = 7084 LIMIT 1
2013-12-30 16:07:10 
			SELECT sm.*,cityref.city as cityname ,YEAR(
				CURRENT_TIMESTAMP ) - YEAR( sm.birthday ) - ( RIGHT(
				CURRENT_TIMESTAMP , 5 ) < RIGHT( sm.birthday, 5 ) ) AS age
			FROM social_member sm
			LEFT JOIN  city_references cityref ON sm.city = cityref.id
			WHERE sm.id = 7084 LIMIT 1
2013-12-30 16:07:20 
			SELECT sm.*,cityref.city as cityname ,YEAR(
				CURRENT_TIMESTAMP ) - YEAR( sm.birthday ) - ( RIGHT(
				CURRENT_TIMESTAMP , 5 ) < RIGHT( sm.birthday, 5 ) ) AS age
			FROM social_member sm
			LEFT JOIN  city_references cityref ON sm.city = cityref.id
			WHERE sm.id = 7084 LIMIT 1
2013-12-30 16:07:44 
			SELECT sm.*,cityref.city as cityname ,YEAR(
				CURRENT_TIMESTAMP ) - YEAR( sm.birthday ) - ( RIGHT(
				CURRENT_TIMESTAMP , 5 ) < RIGHT( sm.birthday, 5 ) ) AS age
			FROM social_member sm
			LEFT JOIN  city_references cityref ON sm.city = cityref.id
			WHERE sm.id = 7084 LIMIT 1
