2014-01-06 11:21:12 SELECT * FROM social_member WHERE username='' LIMIT 1
2014-01-06 11:21:12 cannot login, password or username not exists 
2014-01-06 11:21:22 SELECT * FROM social_member WHERE username='acit' LIMIT 1
2014-01-06 11:21:22 can login
2014-01-06 11:21:24 
			SELECT sm.*,cityref.city as cityname ,YEAR(
				CURRENT_TIMESTAMP ) - YEAR( sm.birthday ) - ( RIGHT(
				CURRENT_TIMESTAMP , 5 ) < RIGHT( sm.birthday, 5 ) ) AS age
			FROM social_member sm
			LEFT JOIN  city_references cityref ON sm.city = cityref.id
			WHERE sm.id = 7084 LIMIT 1
2014-01-06 11:21:26 
			SELECT sm.*,cityref.city as cityname ,YEAR(
				CURRENT_TIMESTAMP ) - YEAR( sm.birthday ) - ( RIGHT(
				CURRENT_TIMESTAMP , 5 ) < RIGHT( sm.birthday, 5 ) ) AS age
			FROM social_member sm
			LEFT JOIN  city_references cityref ON sm.city = cityref.id
			WHERE sm.id = 7084 LIMIT 1
2014-01-06 11:27:21 
			SELECT sm.*,cityref.city as cityname ,YEAR(
				CURRENT_TIMESTAMP ) - YEAR( sm.birthday ) - ( RIGHT(
				CURRENT_TIMESTAMP , 5 ) < RIGHT( sm.birthday, 5 ) ) AS age
			FROM social_member sm
			LEFT JOIN  city_references cityref ON sm.city = cityref.id
			WHERE sm.id = 7084 LIMIT 1
2014-01-06 11:28:39 
			SELECT sm.*,cityref.city as cityname ,YEAR(
				CURRENT_TIMESTAMP ) - YEAR( sm.birthday ) - ( RIGHT(
				CURRENT_TIMESTAMP , 5 ) < RIGHT( sm.birthday, 5 ) ) AS age
			FROM social_member sm
			LEFT JOIN  city_references cityref ON sm.city = cityref.id
			WHERE sm.id = 7084 LIMIT 1
2014-01-06 11:29:26 
			SELECT sm.*,cityref.city as cityname ,YEAR(
				CURRENT_TIMESTAMP ) - YEAR( sm.birthday ) - ( RIGHT(
				CURRENT_TIMESTAMP , 5 ) < RIGHT( sm.birthday, 5 ) ) AS age
			FROM social_member sm
			LEFT JOIN  city_references cityref ON sm.city = cityref.id
			WHERE sm.id = 7084 LIMIT 1
2014-01-06 11:29:55 
			SELECT sm.*,cityref.city as cityname ,YEAR(
				CURRENT_TIMESTAMP ) - YEAR( sm.birthday ) - ( RIGHT(
				CURRENT_TIMESTAMP , 5 ) < RIGHT( sm.birthday, 5 ) ) AS age
			FROM social_member sm
			LEFT JOIN  city_references cityref ON sm.city = cityref.id
			WHERE sm.id = 7084 LIMIT 1
2014-01-06 11:29:55 
			SELECT sm.*,cityref.city as cityname ,YEAR(
				CURRENT_TIMESTAMP ) - YEAR( sm.birthday ) - ( RIGHT(
				CURRENT_TIMESTAMP , 5 ) < RIGHT( sm.birthday, 5 ) ) AS age
			FROM social_member sm
			LEFT JOIN  city_references cityref ON sm.city = cityref.id
			WHERE sm.id = 7084 LIMIT 1
2014-01-06 11:30:25 
			SELECT sm.*,cityref.city as cityname ,YEAR(
				CURRENT_TIMESTAMP ) - YEAR( sm.birthday ) - ( RIGHT(
				CURRENT_TIMESTAMP , 5 ) < RIGHT( sm.birthday, 5 ) ) AS age
			FROM social_member sm
			LEFT JOIN  city_references cityref ON sm.city = cityref.id
			WHERE sm.id = 7084 LIMIT 1
2014-01-06 11:30:27 
			SELECT sm.*,cityref.city as cityname ,YEAR(
				CURRENT_TIMESTAMP ) - YEAR( sm.birthday ) - ( RIGHT(
				CURRENT_TIMESTAMP , 5 ) < RIGHT( sm.birthday, 5 ) ) AS age
			FROM social_member sm
			LEFT JOIN  city_references cityref ON sm.city = cityref.id
			WHERE sm.id = 7084 LIMIT 1
2014-01-06 11:30:27 
			SELECT sm.*,cityref.city as cityname ,YEAR(
				CURRENT_TIMESTAMP ) - YEAR( sm.birthday ) - ( RIGHT(
				CURRENT_TIMESTAMP , 5 ) < RIGHT( sm.birthday, 5 ) ) AS age
			FROM social_member sm
			LEFT JOIN  city_references cityref ON sm.city = cityref.id
			WHERE sm.id = 7084 LIMIT 1
2014-01-06 11:35:13 
			SELECT sm.*,cityref.city as cityname ,YEAR(
				CURRENT_TIMESTAMP ) - YEAR( sm.birthday ) - ( RIGHT(
				CURRENT_TIMESTAMP , 5 ) < RIGHT( sm.birthday, 5 ) ) AS age
			FROM social_member sm
			LEFT JOIN  city_references cityref ON sm.city = cityref.id
			WHERE sm.id = 7084 LIMIT 1
2014-01-06 13:36:42 
			SELECT sm.*,cityref.city as cityname ,YEAR(
				CURRENT_TIMESTAMP ) - YEAR( sm.birthday ) - ( RIGHT(
				CURRENT_TIMESTAMP , 5 ) < RIGHT( sm.birthday, 5 ) ) AS age
			FROM social_member sm
			LEFT JOIN  city_references cityref ON sm.city = cityref.id
			WHERE sm.id = 7084 LIMIT 1
2014-01-06 13:36:50 
			SELECT sm.*,cityref.city as cityname ,YEAR(
				CURRENT_TIMESTAMP ) - YEAR( sm.birthday ) - ( RIGHT(
				CURRENT_TIMESTAMP , 5 ) < RIGHT( sm.birthday, 5 ) ) AS age
			FROM social_member sm
			LEFT JOIN  city_references cityref ON sm.city = cityref.id
			WHERE sm.id = 7084 LIMIT 1
2014-01-06 13:37:11 
			SELECT sm.*,cityref.city as cityname ,YEAR(
				CURRENT_TIMESTAMP ) - YEAR( sm.birthday ) - ( RIGHT(
				CURRENT_TIMESTAMP , 5 ) < RIGHT( sm.birthday, 5 ) ) AS age
			FROM social_member sm
			LEFT JOIN  city_references cityref ON sm.city = cityref.id
			WHERE sm.id = 7084 LIMIT 1
2014-01-06 13:37:12 
			SELECT sm.*,cityref.city as cityname ,YEAR(
				CURRENT_TIMESTAMP ) - YEAR( sm.birthday ) - ( RIGHT(
				CURRENT_TIMESTAMP , 5 ) < RIGHT( sm.birthday, 5 ) ) AS age
			FROM social_member sm
			LEFT JOIN  city_references cityref ON sm.city = cityref.id
			WHERE sm.id = 7084 LIMIT 1
2014-01-06 13:37:42 
			SELECT sm.*,cityref.city as cityname ,YEAR(
				CURRENT_TIMESTAMP ) - YEAR( sm.birthday ) - ( RIGHT(
				CURRENT_TIMESTAMP , 5 ) < RIGHT( sm.birthday, 5 ) ) AS age
			FROM social_member sm
			LEFT JOIN  city_references cityref ON sm.city = cityref.id
			WHERE sm.id = 7084 LIMIT 1
2014-01-06 13:38:33 
			SELECT sm.*,cityref.city as cityname ,YEAR(
				CURRENT_TIMESTAMP ) - YEAR( sm.birthday ) - ( RIGHT(
				CURRENT_TIMESTAMP , 5 ) < RIGHT( sm.birthday, 5 ) ) AS age
			FROM social_member sm
			LEFT JOIN  city_references cityref ON sm.city = cityref.id
			WHERE sm.id = 7084 LIMIT 1
2014-01-06 13:38:45 
			SELECT sm.*,cityref.city as cityname ,YEAR(
				CURRENT_TIMESTAMP ) - YEAR( sm.birthday ) - ( RIGHT(
				CURRENT_TIMESTAMP , 5 ) < RIGHT( sm.birthday, 5 ) ) AS age
			FROM social_member sm
			LEFT JOIN  city_references cityref ON sm.city = cityref.id
			WHERE sm.id = 7084 LIMIT 1
2014-01-06 13:39:20 
			SELECT sm.*,cityref.city as cityname ,YEAR(
				CURRENT_TIMESTAMP ) - YEAR( sm.birthday ) - ( RIGHT(
				CURRENT_TIMESTAMP , 5 ) < RIGHT( sm.birthday, 5 ) ) AS age
			FROM social_member sm
			LEFT JOIN  city_references cityref ON sm.city = cityref.id
			WHERE sm.id = 7084 LIMIT 1
2014-01-06 13:39:53 
			SELECT sm.*,cityref.city as cityname ,YEAR(
				CURRENT_TIMESTAMP ) - YEAR( sm.birthday ) - ( RIGHT(
				CURRENT_TIMESTAMP , 5 ) < RIGHT( sm.birthday, 5 ) ) AS age
			FROM social_member sm
			LEFT JOIN  city_references cityref ON sm.city = cityref.id
			WHERE sm.id = 7084 LIMIT 1
2014-01-06 13:40:12 
			SELECT sm.*,cityref.city as cityname ,YEAR(
				CURRENT_TIMESTAMP ) - YEAR( sm.birthday ) - ( RIGHT(
				CURRENT_TIMESTAMP , 5 ) < RIGHT( sm.birthday, 5 ) ) AS age
			FROM social_member sm
			LEFT JOIN  city_references cityref ON sm.city = cityref.id
			WHERE sm.id = 7084 LIMIT 1
2014-01-06 13:40:51 
			SELECT sm.*,cityref.city as cityname ,YEAR(
				CURRENT_TIMESTAMP ) - YEAR( sm.birthday ) - ( RIGHT(
				CURRENT_TIMESTAMP , 5 ) < RIGHT( sm.birthday, 5 ) ) AS age
			FROM social_member sm
			LEFT JOIN  city_references cityref ON sm.city = cityref.id
			WHERE sm.id = 7084 LIMIT 1
2014-01-06 13:42:12 
			SELECT sm.*,cityref.city as cityname ,YEAR(
				CURRENT_TIMESTAMP ) - YEAR( sm.birthday ) - ( RIGHT(
				CURRENT_TIMESTAMP , 5 ) < RIGHT( sm.birthday, 5 ) ) AS age
			FROM social_member sm
			LEFT JOIN  city_references cityref ON sm.city = cityref.id
			WHERE sm.id = 7084 LIMIT 1
2014-01-06 13:42:13 
			SELECT sm.*,cityref.city as cityname ,YEAR(
				CURRENT_TIMESTAMP ) - YEAR( sm.birthday ) - ( RIGHT(
				CURRENT_TIMESTAMP , 5 ) < RIGHT( sm.birthday, 5 ) ) AS age
			FROM social_member sm
			LEFT JOIN  city_references cityref ON sm.city = cityref.id
			WHERE sm.id = 7084 LIMIT 1
2014-01-06 13:42:44 
			SELECT sm.*,cityref.city as cityname ,YEAR(
				CURRENT_TIMESTAMP ) - YEAR( sm.birthday ) - ( RIGHT(
				CURRENT_TIMESTAMP , 5 ) < RIGHT( sm.birthday, 5 ) ) AS age
			FROM social_member sm
			LEFT JOIN  city_references cityref ON sm.city = cityref.id
			WHERE sm.id = 7084 LIMIT 1
2014-01-06 13:42:55 
			SELECT sm.*,cityref.city as cityname ,YEAR(
				CURRENT_TIMESTAMP ) - YEAR( sm.birthday ) - ( RIGHT(
				CURRENT_TIMESTAMP , 5 ) < RIGHT( sm.birthday, 5 ) ) AS age
			FROM social_member sm
			LEFT JOIN  city_references cityref ON sm.city = cityref.id
			WHERE sm.id = 7084 LIMIT 1
2014-01-06 13:42:56 
			SELECT sm.*,cityref.city as cityname ,YEAR(
				CURRENT_TIMESTAMP ) - YEAR( sm.birthday ) - ( RIGHT(
				CURRENT_TIMESTAMP , 5 ) < RIGHT( sm.birthday, 5 ) ) AS age
			FROM social_member sm
			LEFT JOIN  city_references cityref ON sm.city = cityref.id
			WHERE sm.id = 7084 LIMIT 1
2014-01-06 13:47:22 
			SELECT sm.*,cityref.city as cityname ,YEAR(
				CURRENT_TIMESTAMP ) - YEAR( sm.birthday ) - ( RIGHT(
				CURRENT_TIMESTAMP , 5 ) < RIGHT( sm.birthday, 5 ) ) AS age
			FROM social_member sm
			LEFT JOIN  city_references cityref ON sm.city = cityref.id
			WHERE sm.id = 7084 LIMIT 1
2014-01-06 13:47:39 
			SELECT sm.*,cityref.city as cityname ,YEAR(
				CURRENT_TIMESTAMP ) - YEAR( sm.birthday ) - ( RIGHT(
				CURRENT_TIMESTAMP , 5 ) < RIGHT( sm.birthday, 5 ) ) AS age
			FROM social_member sm
			LEFT JOIN  city_references cityref ON sm.city = cityref.id
			WHERE sm.id = 7084 LIMIT 1
2014-01-06 13:48:18 
			SELECT sm.*,cityref.city as cityname ,YEAR(
				CURRENT_TIMESTAMP ) - YEAR( sm.birthday ) - ( RIGHT(
				CURRENT_TIMESTAMP , 5 ) < RIGHT( sm.birthday, 5 ) ) AS age
			FROM social_member sm
			LEFT JOIN  city_references cityref ON sm.city = cityref.id
			WHERE sm.id = 7084 LIMIT 1
2014-01-06 13:49:16 
			SELECT sm.*,cityref.city as cityname ,YEAR(
				CURRENT_TIMESTAMP ) - YEAR( sm.birthday ) - ( RIGHT(
				CURRENT_TIMESTAMP , 5 ) < RIGHT( sm.birthday, 5 ) ) AS age
			FROM social_member sm
			LEFT JOIN  city_references cityref ON sm.city = cityref.id
			WHERE sm.id = 7084 LIMIT 1
2014-01-06 13:49:24 
			SELECT sm.*,cityref.city as cityname ,YEAR(
				CURRENT_TIMESTAMP ) - YEAR( sm.birthday ) - ( RIGHT(
				CURRENT_TIMESTAMP , 5 ) < RIGHT( sm.birthday, 5 ) ) AS age
			FROM social_member sm
			LEFT JOIN  city_references cityref ON sm.city = cityref.id
			WHERE sm.id = 7084 LIMIT 1
2014-01-06 13:51:07 
			SELECT sm.*,cityref.city as cityname ,YEAR(
				CURRENT_TIMESTAMP ) - YEAR( sm.birthday ) - ( RIGHT(
				CURRENT_TIMESTAMP , 5 ) < RIGHT( sm.birthday, 5 ) ) AS age
			FROM social_member sm
			LEFT JOIN  city_references cityref ON sm.city = cityref.id
			WHERE sm.id = 7084 LIMIT 1
2014-01-06 13:51:33 
			SELECT sm.*,cityref.city as cityname ,YEAR(
				CURRENT_TIMESTAMP ) - YEAR( sm.birthday ) - ( RIGHT(
				CURRENT_TIMESTAMP , 5 ) < RIGHT( sm.birthday, 5 ) ) AS age
			FROM social_member sm
			LEFT JOIN  city_references cityref ON sm.city = cityref.id
			WHERE sm.id = 7084 LIMIT 1
2014-01-06 13:51:38 
			SELECT sm.*,cityref.city as cityname ,YEAR(
				CURRENT_TIMESTAMP ) - YEAR( sm.birthday ) - ( RIGHT(
				CURRENT_TIMESTAMP , 5 ) < RIGHT( sm.birthday, 5 ) ) AS age
			FROM social_member sm
			LEFT JOIN  city_references cityref ON sm.city = cityref.id
			WHERE sm.id = 7084 LIMIT 1
2014-01-06 13:51:41 
			SELECT sm.*,cityref.city as cityname ,YEAR(
				CURRENT_TIMESTAMP ) - YEAR( sm.birthday ) - ( RIGHT(
				CURRENT_TIMESTAMP , 5 ) < RIGHT( sm.birthday, 5 ) ) AS age
			FROM social_member sm
			LEFT JOIN  city_references cityref ON sm.city = cityref.id
			WHERE sm.id = 7084 LIMIT 1
2014-01-06 13:51:45 
			SELECT sm.*,cityref.city as cityname ,YEAR(
				CURRENT_TIMESTAMP ) - YEAR( sm.birthday ) - ( RIGHT(
				CURRENT_TIMESTAMP , 5 ) < RIGHT( sm.birthday, 5 ) ) AS age
			FROM social_member sm
			LEFT JOIN  city_references cityref ON sm.city = cityref.id
			WHERE sm.id = 7084 LIMIT 1
2014-01-06 13:52:12 
			SELECT sm.*,cityref.city as cityname ,YEAR(
				CURRENT_TIMESTAMP ) - YEAR( sm.birthday ) - ( RIGHT(
				CURRENT_TIMESTAMP , 5 ) < RIGHT( sm.birthday, 5 ) ) AS age
			FROM social_member sm
			LEFT JOIN  city_references cityref ON sm.city = cityref.id
			WHERE sm.id = 7084 LIMIT 1
2014-01-06 13:52:49 
			SELECT sm.*,cityref.city as cityname ,YEAR(
				CURRENT_TIMESTAMP ) - YEAR( sm.birthday ) - ( RIGHT(
				CURRENT_TIMESTAMP , 5 ) < RIGHT( sm.birthday, 5 ) ) AS age
			FROM social_member sm
			LEFT JOIN  city_references cityref ON sm.city = cityref.id
			WHERE sm.id = 7084 LIMIT 1
2014-01-06 13:53:10 
			SELECT sm.*,cityref.city as cityname ,YEAR(
				CURRENT_TIMESTAMP ) - YEAR( sm.birthday ) - ( RIGHT(
				CURRENT_TIMESTAMP , 5 ) < RIGHT( sm.birthday, 5 ) ) AS age
			FROM social_member sm
			LEFT JOIN  city_references cityref ON sm.city = cityref.id
			WHERE sm.id = 7084 LIMIT 1
2014-01-06 13:53:13 
			SELECT sm.*,cityref.city as cityname ,YEAR(
				CURRENT_TIMESTAMP ) - YEAR( sm.birthday ) - ( RIGHT(
				CURRENT_TIMESTAMP , 5 ) < RIGHT( sm.birthday, 5 ) ) AS age
			FROM social_member sm
			LEFT JOIN  city_references cityref ON sm.city = cityref.id
			WHERE sm.id = 7084 LIMIT 1
2014-01-06 13:53:21 
			SELECT sm.*,cityref.city as cityname ,YEAR(
				CURRENT_TIMESTAMP ) - YEAR( sm.birthday ) - ( RIGHT(
				CURRENT_TIMESTAMP , 5 ) < RIGHT( sm.birthday, 5 ) ) AS age
			FROM social_member sm
			LEFT JOIN  city_references cityref ON sm.city = cityref.id
			WHERE sm.id = 7084 LIMIT 1
2014-01-06 13:53:22 
			SELECT sm.*,cityref.city as cityname ,YEAR(
				CURRENT_TIMESTAMP ) - YEAR( sm.birthday ) - ( RIGHT(
				CURRENT_TIMESTAMP , 5 ) < RIGHT( sm.birthday, 5 ) ) AS age
			FROM social_member sm
			LEFT JOIN  city_references cityref ON sm.city = cityref.id
			WHERE sm.id = 7084 LIMIT 1
2014-01-06 13:53:30 
			SELECT sm.*,cityref.city as cityname ,YEAR(
				CURRENT_TIMESTAMP ) - YEAR( sm.birthday ) - ( RIGHT(
				CURRENT_TIMESTAMP , 5 ) < RIGHT( sm.birthday, 5 ) ) AS age
			FROM social_member sm
			LEFT JOIN  city_references cityref ON sm.city = cityref.id
			WHERE sm.id = 7084 LIMIT 1
2014-01-06 13:54:09 
			SELECT sm.*,cityref.city as cityname ,YEAR(
				CURRENT_TIMESTAMP ) - YEAR( sm.birthday ) - ( RIGHT(
				CURRENT_TIMESTAMP , 5 ) < RIGHT( sm.birthday, 5 ) ) AS age
			FROM social_member sm
			LEFT JOIN  city_references cityref ON sm.city = cityref.id
			WHERE sm.id = 7084 LIMIT 1
2014-01-06 13:54:45 
			SELECT sm.*,cityref.city as cityname ,YEAR(
				CURRENT_TIMESTAMP ) - YEAR( sm.birthday ) - ( RIGHT(
				CURRENT_TIMESTAMP , 5 ) < RIGHT( sm.birthday, 5 ) ) AS age
			FROM social_member sm
			LEFT JOIN  city_references cityref ON sm.city = cityref.id
			WHERE sm.id = 7084 LIMIT 1
2014-01-06 13:57:12 
			SELECT sm.*,cityref.city as cityname ,YEAR(
				CURRENT_TIMESTAMP ) - YEAR( sm.birthday ) - ( RIGHT(
				CURRENT_TIMESTAMP , 5 ) < RIGHT( sm.birthday, 5 ) ) AS age
			FROM social_member sm
			LEFT JOIN  city_references cityref ON sm.city = cityref.id
			WHERE sm.id = 7084 LIMIT 1
2014-01-06 13:57:17 
			SELECT sm.*,cityref.city as cityname ,YEAR(
				CURRENT_TIMESTAMP ) - YEAR( sm.birthday ) - ( RIGHT(
				CURRENT_TIMESTAMP , 5 ) < RIGHT( sm.birthday, 5 ) ) AS age
			FROM social_member sm
			LEFT JOIN  city_references cityref ON sm.city = cityref.id
			WHERE sm.id = 7084 LIMIT 1
2014-01-06 13:58:07 
			SELECT sm.*,cityref.city as cityname ,YEAR(
				CURRENT_TIMESTAMP ) - YEAR( sm.birthday ) - ( RIGHT(
				CURRENT_TIMESTAMP , 5 ) < RIGHT( sm.birthday, 5 ) ) AS age
			FROM social_member sm
			LEFT JOIN  city_references cityref ON sm.city = cityref.id
			WHERE sm.id = 7084 LIMIT 1
2014-01-06 13:59:50 
			SELECT sm.*,cityref.city as cityname ,YEAR(
				CURRENT_TIMESTAMP ) - YEAR( sm.birthday ) - ( RIGHT(
				CURRENT_TIMESTAMP , 5 ) < RIGHT( sm.birthday, 5 ) ) AS age
			FROM social_member sm
			LEFT JOIN  city_references cityref ON sm.city = cityref.id
			WHERE sm.id = 7084 LIMIT 1
2014-01-06 14:00:41 
			SELECT sm.*,cityref.city as cityname ,YEAR(
				CURRENT_TIMESTAMP ) - YEAR( sm.birthday ) - ( RIGHT(
				CURRENT_TIMESTAMP , 5 ) < RIGHT( sm.birthday, 5 ) ) AS age
			FROM social_member sm
			LEFT JOIN  city_references cityref ON sm.city = cityref.id
			WHERE sm.id = 7084 LIMIT 1
2014-01-06 14:01:09 
			SELECT sm.*,cityref.city as cityname ,YEAR(
				CURRENT_TIMESTAMP ) - YEAR( sm.birthday ) - ( RIGHT(
				CURRENT_TIMESTAMP , 5 ) < RIGHT( sm.birthday, 5 ) ) AS age
			FROM social_member sm
			LEFT JOIN  city_references cityref ON sm.city = cityref.id
			WHERE sm.id = 7084 LIMIT 1
2014-01-06 14:02:07 
			SELECT sm.*,cityref.city as cityname ,YEAR(
				CURRENT_TIMESTAMP ) - YEAR( sm.birthday ) - ( RIGHT(
				CURRENT_TIMESTAMP , 5 ) < RIGHT( sm.birthday, 5 ) ) AS age
			FROM social_member sm
			LEFT JOIN  city_references cityref ON sm.city = cityref.id
			WHERE sm.id = 7084 LIMIT 1
2014-01-06 14:02:35 
			SELECT sm.*,cityref.city as cityname ,YEAR(
				CURRENT_TIMESTAMP ) - YEAR( sm.birthday ) - ( RIGHT(
				CURRENT_TIMESTAMP , 5 ) < RIGHT( sm.birthday, 5 ) ) AS age
			FROM social_member sm
			LEFT JOIN  city_references cityref ON sm.city = cityref.id
			WHERE sm.id = 7084 LIMIT 1
2014-01-06 14:03:11 
			SELECT sm.*,cityref.city as cityname ,YEAR(
				CURRENT_TIMESTAMP ) - YEAR( sm.birthday ) - ( RIGHT(
				CURRENT_TIMESTAMP , 5 ) < RIGHT( sm.birthday, 5 ) ) AS age
			FROM social_member sm
			LEFT JOIN  city_references cityref ON sm.city = cityref.id
			WHERE sm.id = 7084 LIMIT 1
2014-01-06 14:03:20 
			SELECT sm.*,cityref.city as cityname ,YEAR(
				CURRENT_TIMESTAMP ) - YEAR( sm.birthday ) - ( RIGHT(
				CURRENT_TIMESTAMP , 5 ) < RIGHT( sm.birthday, 5 ) ) AS age
			FROM social_member sm
			LEFT JOIN  city_references cityref ON sm.city = cityref.id
			WHERE sm.id = 7084 LIMIT 1
2014-01-06 14:03:25 
			SELECT sm.*,cityref.city as cityname ,YEAR(
				CURRENT_TIMESTAMP ) - YEAR( sm.birthday ) - ( RIGHT(
				CURRENT_TIMESTAMP , 5 ) < RIGHT( sm.birthday, 5 ) ) AS age
			FROM social_member sm
			LEFT JOIN  city_references cityref ON sm.city = cityref.id
			WHERE sm.id = 7084 LIMIT 1
2014-01-06 14:03:30 
			SELECT sm.*,cityref.city as cityname ,YEAR(
				CURRENT_TIMESTAMP ) - YEAR( sm.birthday ) - ( RIGHT(
				CURRENT_TIMESTAMP , 5 ) < RIGHT( sm.birthday, 5 ) ) AS age
			FROM social_member sm
			LEFT JOIN  city_references cityref ON sm.city = cityref.id
			WHERE sm.id = 7084 LIMIT 1
2014-01-06 14:03:35 
			SELECT sm.*,cityref.city as cityname ,YEAR(
				CURRENT_TIMESTAMP ) - YEAR( sm.birthday ) - ( RIGHT(
				CURRENT_TIMESTAMP , 5 ) < RIGHT( sm.birthday, 5 ) ) AS age
			FROM social_member sm
			LEFT JOIN  city_references cityref ON sm.city = cityref.id
			WHERE sm.id = 7084 LIMIT 1
2014-01-06 14:03:41 
			SELECT sm.*,cityref.city as cityname ,YEAR(
				CURRENT_TIMESTAMP ) - YEAR( sm.birthday ) - ( RIGHT(
				CURRENT_TIMESTAMP , 5 ) < RIGHT( sm.birthday, 5 ) ) AS age
			FROM social_member sm
			LEFT JOIN  city_references cityref ON sm.city = cityref.id
			WHERE sm.id = 7084 LIMIT 1
2014-01-06 14:08:44 
			SELECT sm.*,cityref.city as cityname ,YEAR(
				CURRENT_TIMESTAMP ) - YEAR( sm.birthday ) - ( RIGHT(
				CURRENT_TIMESTAMP , 5 ) < RIGHT( sm.birthday, 5 ) ) AS age
			FROM social_member sm
			LEFT JOIN  city_references cityref ON sm.city = cityref.id
			WHERE sm.id = 7084 LIMIT 1
2014-01-06 14:08:44 
			SELECT sm.*,cityref.city as cityname ,YEAR(
				CURRENT_TIMESTAMP ) - YEAR( sm.birthday ) - ( RIGHT(
				CURRENT_TIMESTAMP , 5 ) < RIGHT( sm.birthday, 5 ) ) AS age
			FROM social_member sm
			LEFT JOIN  city_references cityref ON sm.city = cityref.id
			WHERE sm.id = 7084 LIMIT 1
2014-01-06 14:11:22 
			SELECT sm.*,cityref.city as cityname ,YEAR(
				CURRENT_TIMESTAMP ) - YEAR( sm.birthday ) - ( RIGHT(
				CURRENT_TIMESTAMP , 5 ) < RIGHT( sm.birthday, 5 ) ) AS age
			FROM social_member sm
			LEFT JOIN  city_references cityref ON sm.city = cityref.id
			WHERE sm.id = 7084 LIMIT 1
2014-01-06 14:11:24 
			SELECT sm.*,cityref.city as cityname ,YEAR(
				CURRENT_TIMESTAMP ) - YEAR( sm.birthday ) - ( RIGHT(
				CURRENT_TIMESTAMP , 5 ) < RIGHT( sm.birthday, 5 ) ) AS age
			FROM social_member sm
			LEFT JOIN  city_references cityref ON sm.city = cityref.id
			WHERE sm.id = 7084 LIMIT 1
2014-01-06 14:11:28 
			SELECT sm.*,cityref.city as cityname ,YEAR(
				CURRENT_TIMESTAMP ) - YEAR( sm.birthday ) - ( RIGHT(
				CURRENT_TIMESTAMP , 5 ) < RIGHT( sm.birthday, 5 ) ) AS age
			FROM social_member sm
			LEFT JOIN  city_references cityref ON sm.city = cityref.id
			WHERE sm.id = 7084 LIMIT 1
2014-01-06 14:11:33 
			SELECT sm.*,cityref.city as cityname ,YEAR(
				CURRENT_TIMESTAMP ) - YEAR( sm.birthday ) - ( RIGHT(
				CURRENT_TIMESTAMP , 5 ) < RIGHT( sm.birthday, 5 ) ) AS age
			FROM social_member sm
			LEFT JOIN  city_references cityref ON sm.city = cityref.id
			WHERE sm.id = 7084 LIMIT 1
2014-01-06 14:11:33 
			SELECT sm.*,cityref.city as cityname ,YEAR(
				CURRENT_TIMESTAMP ) - YEAR( sm.birthday ) - ( RIGHT(
				CURRENT_TIMESTAMP , 5 ) < RIGHT( sm.birthday, 5 ) ) AS age
			FROM social_member sm
			LEFT JOIN  city_references cityref ON sm.city = cityref.id
			WHERE sm.id = 7084 LIMIT 1
2014-01-06 14:33:42 
			SELECT sm.*,cityref.city as cityname ,YEAR(
				CURRENT_TIMESTAMP ) - YEAR( sm.birthday ) - ( RIGHT(
				CURRENT_TIMESTAMP , 5 ) < RIGHT( sm.birthday, 5 ) ) AS age
			FROM social_member sm
			LEFT JOIN  city_references cityref ON sm.city = cityref.id
			WHERE sm.id = 7084 LIMIT 1
2014-01-06 14:33:46 
			SELECT sm.*,cityref.city as cityname ,YEAR(
				CURRENT_TIMESTAMP ) - YEAR( sm.birthday ) - ( RIGHT(
				CURRENT_TIMESTAMP , 5 ) < RIGHT( sm.birthday, 5 ) ) AS age
			FROM social_member sm
			LEFT JOIN  city_references cityref ON sm.city = cityref.id
			WHERE sm.id = 7084 LIMIT 1
2014-01-06 14:34:02 
			SELECT sm.*,cityref.city as cityname ,YEAR(
				CURRENT_TIMESTAMP ) - YEAR( sm.birthday ) - ( RIGHT(
				CURRENT_TIMESTAMP , 5 ) < RIGHT( sm.birthday, 5 ) ) AS age
			FROM social_member sm
			LEFT JOIN  city_references cityref ON sm.city = cityref.id
			WHERE sm.id = 7084 LIMIT 1
2014-01-06 14:34:02 
			SELECT sm.*,cityref.city as cityname ,YEAR(
				CURRENT_TIMESTAMP ) - YEAR( sm.birthday ) - ( RIGHT(
				CURRENT_TIMESTAMP , 5 ) < RIGHT( sm.birthday, 5 ) ) AS age
			FROM social_member sm
			LEFT JOIN  city_references cityref ON sm.city = cityref.id
			WHERE sm.id = 7084 LIMIT 1
2014-01-06 14:37:41 
			SELECT sm.*,cityref.city as cityname ,YEAR(
				CURRENT_TIMESTAMP ) - YEAR( sm.birthday ) - ( RIGHT(
				CURRENT_TIMESTAMP , 5 ) < RIGHT( sm.birthday, 5 ) ) AS age
			FROM social_member sm
			LEFT JOIN  city_references cityref ON sm.city = cityref.id
			WHERE sm.id = 7084 LIMIT 1
2014-01-06 14:38:28 
			SELECT sm.*,cityref.city as cityname ,YEAR(
				CURRENT_TIMESTAMP ) - YEAR( sm.birthday ) - ( RIGHT(
				CURRENT_TIMESTAMP , 5 ) < RIGHT( sm.birthday, 5 ) ) AS age
			FROM social_member sm
			LEFT JOIN  city_references cityref ON sm.city = cityref.id
			WHERE sm.id = 7084 LIMIT 1
2014-01-06 14:38:29 
			SELECT sm.*,cityref.city as cityname ,YEAR(
				CURRENT_TIMESTAMP ) - YEAR( sm.birthday ) - ( RIGHT(
				CURRENT_TIMESTAMP , 5 ) < RIGHT( sm.birthday, 5 ) ) AS age
			FROM social_member sm
			LEFT JOIN  city_references cityref ON sm.city = cityref.id
			WHERE sm.id = 7084 LIMIT 1
2014-01-06 14:38:34 
			SELECT sm.*,cityref.city as cityname ,YEAR(
				CURRENT_TIMESTAMP ) - YEAR( sm.birthday ) - ( RIGHT(
				CURRENT_TIMESTAMP , 5 ) < RIGHT( sm.birthday, 5 ) ) AS age
			FROM social_member sm
			LEFT JOIN  city_references cityref ON sm.city = cityref.id
			WHERE sm.id = 7084 LIMIT 1
2014-01-06 14:38:35 
			SELECT sm.*,cityref.city as cityname ,YEAR(
				CURRENT_TIMESTAMP ) - YEAR( sm.birthday ) - ( RIGHT(
				CURRENT_TIMESTAMP , 5 ) < RIGHT( sm.birthday, 5 ) ) AS age
			FROM social_member sm
			LEFT JOIN  city_references cityref ON sm.city = cityref.id
			WHERE sm.id = 7084 LIMIT 1
2014-01-06 14:45:23 
			SELECT sm.*,cityref.city as cityname ,YEAR(
				CURRENT_TIMESTAMP ) - YEAR( sm.birthday ) - ( RIGHT(
				CURRENT_TIMESTAMP , 5 ) < RIGHT( sm.birthday, 5 ) ) AS age
			FROM social_member sm
			LEFT JOIN  city_references cityref ON sm.city = cityref.id
			WHERE sm.id = 7084 LIMIT 1
2014-01-06 14:45:25 
			SELECT sm.*,cityref.city as cityname ,YEAR(
				CURRENT_TIMESTAMP ) - YEAR( sm.birthday ) - ( RIGHT(
				CURRENT_TIMESTAMP , 5 ) < RIGHT( sm.birthday, 5 ) ) AS age
			FROM social_member sm
			LEFT JOIN  city_references cityref ON sm.city = cityref.id
			WHERE sm.id = 7084 LIMIT 1
2014-01-06 14:45:28 
			SELECT sm.*,cityref.city as cityname ,YEAR(
				CURRENT_TIMESTAMP ) - YEAR( sm.birthday ) - ( RIGHT(
				CURRENT_TIMESTAMP , 5 ) < RIGHT( sm.birthday, 5 ) ) AS age
			FROM social_member sm
			LEFT JOIN  city_references cityref ON sm.city = cityref.id
			WHERE sm.id = 7084 LIMIT 1
2014-01-06 14:45:28 
			SELECT sm.*,cityref.city as cityname ,YEAR(
				CURRENT_TIMESTAMP ) - YEAR( sm.birthday ) - ( RIGHT(
				CURRENT_TIMESTAMP , 5 ) < RIGHT( sm.birthday, 5 ) ) AS age
			FROM social_member sm
			LEFT JOIN  city_references cityref ON sm.city = cityref.id
			WHERE sm.id = 7084 LIMIT 1
2014-01-06 14:45:31 
			SELECT sm.*,cityref.city as cityname ,YEAR(
				CURRENT_TIMESTAMP ) - YEAR( sm.birthday ) - ( RIGHT(
				CURRENT_TIMESTAMP , 5 ) < RIGHT( sm.birthday, 5 ) ) AS age
			FROM social_member sm
			LEFT JOIN  city_references cityref ON sm.city = cityref.id
			WHERE sm.id = 7084 LIMIT 1
2014-01-06 14:53:59 
			SELECT sm.*,cityref.city as cityname ,YEAR(
				CURRENT_TIMESTAMP ) - YEAR( sm.birthday ) - ( RIGHT(
				CURRENT_TIMESTAMP , 5 ) < RIGHT( sm.birthday, 5 ) ) AS age
			FROM social_member sm
			LEFT JOIN  city_references cityref ON sm.city = cityref.id
			WHERE sm.id = 7084 LIMIT 1
2014-01-06 14:54:16 
			SELECT sm.*,cityref.city as cityname ,YEAR(
				CURRENT_TIMESTAMP ) - YEAR( sm.birthday ) - ( RIGHT(
				CURRENT_TIMESTAMP , 5 ) < RIGHT( sm.birthday, 5 ) ) AS age
			FROM social_member sm
			LEFT JOIN  city_references cityref ON sm.city = cityref.id
			WHERE sm.id = 7084 LIMIT 1
2014-01-06 14:54:16 
			SELECT sm.*,cityref.city as cityname ,YEAR(
				CURRENT_TIMESTAMP ) - YEAR( sm.birthday ) - ( RIGHT(
				CURRENT_TIMESTAMP , 5 ) < RIGHT( sm.birthday, 5 ) ) AS age
			FROM social_member sm
			LEFT JOIN  city_references cityref ON sm.city = cityref.id
			WHERE sm.id = 7084 LIMIT 1
2014-01-06 14:56:53 
			SELECT sm.*,cityref.city as cityname ,YEAR(
				CURRENT_TIMESTAMP ) - YEAR( sm.birthday ) - ( RIGHT(
				CURRENT_TIMESTAMP , 5 ) < RIGHT( sm.birthday, 5 ) ) AS age
			FROM social_member sm
			LEFT JOIN  city_references cityref ON sm.city = cityref.id
			WHERE sm.id = 7084 LIMIT 1
2014-01-06 14:56:53 
			SELECT sm.*,cityref.city as cityname ,YEAR(
				CURRENT_TIMESTAMP ) - YEAR( sm.birthday ) - ( RIGHT(
				CURRENT_TIMESTAMP , 5 ) < RIGHT( sm.birthday, 5 ) ) AS age
			FROM social_member sm
			LEFT JOIN  city_references cityref ON sm.city = cityref.id
			WHERE sm.id = 7084 LIMIT 1
2014-01-06 14:57:08 
			SELECT sm.*,cityref.city as cityname ,YEAR(
				CURRENT_TIMESTAMP ) - YEAR( sm.birthday ) - ( RIGHT(
				CURRENT_TIMESTAMP , 5 ) < RIGHT( sm.birthday, 5 ) ) AS age
			FROM social_member sm
			LEFT JOIN  city_references cityref ON sm.city = cityref.id
			WHERE sm.id = 7084 LIMIT 1
2014-01-06 14:57:08 
			SELECT sm.*,cityref.city as cityname ,YEAR(
				CURRENT_TIMESTAMP ) - YEAR( sm.birthday ) - ( RIGHT(
				CURRENT_TIMESTAMP , 5 ) < RIGHT( sm.birthday, 5 ) ) AS age
			FROM social_member sm
			LEFT JOIN  city_references cityref ON sm.city = cityref.id
			WHERE sm.id = 7084 LIMIT 1
2014-01-06 14:57:11 
			SELECT sm.*,cityref.city as cityname ,YEAR(
				CURRENT_TIMESTAMP ) - YEAR( sm.birthday ) - ( RIGHT(
				CURRENT_TIMESTAMP , 5 ) < RIGHT( sm.birthday, 5 ) ) AS age
			FROM social_member sm
			LEFT JOIN  city_references cityref ON sm.city = cityref.id
			WHERE sm.id = 7084 LIMIT 1
2014-01-06 14:57:11 
			SELECT sm.*,cityref.city as cityname ,YEAR(
				CURRENT_TIMESTAMP ) - YEAR( sm.birthday ) - ( RIGHT(
				CURRENT_TIMESTAMP , 5 ) < RIGHT( sm.birthday, 5 ) ) AS age
			FROM social_member sm
			LEFT JOIN  city_references cityref ON sm.city = cityref.id
			WHERE sm.id = 7084 LIMIT 1
2014-01-06 14:57:17 
			SELECT sm.*,cityref.city as cityname ,YEAR(
				CURRENT_TIMESTAMP ) - YEAR( sm.birthday ) - ( RIGHT(
				CURRENT_TIMESTAMP , 5 ) < RIGHT( sm.birthday, 5 ) ) AS age
			FROM social_member sm
			LEFT JOIN  city_references cityref ON sm.city = cityref.id
			WHERE sm.id = 7084 LIMIT 1
2014-01-06 14:57:17 
			SELECT sm.*,cityref.city as cityname ,YEAR(
				CURRENT_TIMESTAMP ) - YEAR( sm.birthday ) - ( RIGHT(
				CURRENT_TIMESTAMP , 5 ) < RIGHT( sm.birthday, 5 ) ) AS age
			FROM social_member sm
			LEFT JOIN  city_references cityref ON sm.city = cityref.id
			WHERE sm.id = 7084 LIMIT 1
2014-01-06 14:59:00 
			SELECT sm.*,cityref.city as cityname ,YEAR(
				CURRENT_TIMESTAMP ) - YEAR( sm.birthday ) - ( RIGHT(
				CURRENT_TIMESTAMP , 5 ) < RIGHT( sm.birthday, 5 ) ) AS age
			FROM social_member sm
			LEFT JOIN  city_references cityref ON sm.city = cityref.id
			WHERE sm.id = 7084 LIMIT 1
2014-01-06 14:59:00 
			SELECT sm.*,cityref.city as cityname ,YEAR(
				CURRENT_TIMESTAMP ) - YEAR( sm.birthday ) - ( RIGHT(
				CURRENT_TIMESTAMP , 5 ) < RIGHT( sm.birthday, 5 ) ) AS age
			FROM social_member sm
			LEFT JOIN  city_references cityref ON sm.city = cityref.id
			WHERE sm.id = 7084 LIMIT 1
2014-01-06 14:59:13 
			SELECT sm.*,cityref.city as cityname ,YEAR(
				CURRENT_TIMESTAMP ) - YEAR( sm.birthday ) - ( RIGHT(
				CURRENT_TIMESTAMP , 5 ) < RIGHT( sm.birthday, 5 ) ) AS age
			FROM social_member sm
			LEFT JOIN  city_references cityref ON sm.city = cityref.id
			WHERE sm.id = 7084 LIMIT 1
2014-01-06 14:59:13 
			SELECT sm.*,cityref.city as cityname ,YEAR(
				CURRENT_TIMESTAMP ) - YEAR( sm.birthday ) - ( RIGHT(
				CURRENT_TIMESTAMP , 5 ) < RIGHT( sm.birthday, 5 ) ) AS age
			FROM social_member sm
			LEFT JOIN  city_references cityref ON sm.city = cityref.id
			WHERE sm.id = 7084 LIMIT 1
2014-01-06 14:59:30 
			SELECT sm.*,cityref.city as cityname ,YEAR(
				CURRENT_TIMESTAMP ) - YEAR( sm.birthday ) - ( RIGHT(
				CURRENT_TIMESTAMP , 5 ) < RIGHT( sm.birthday, 5 ) ) AS age
			FROM social_member sm
			LEFT JOIN  city_references cityref ON sm.city = cityref.id
			WHERE sm.id = 7084 LIMIT 1
2014-01-06 14:59:30 
			SELECT sm.*,cityref.city as cityname ,YEAR(
				CURRENT_TIMESTAMP ) - YEAR( sm.birthday ) - ( RIGHT(
				CURRENT_TIMESTAMP , 5 ) < RIGHT( sm.birthday, 5 ) ) AS age
			FROM social_member sm
			LEFT JOIN  city_references cityref ON sm.city = cityref.id
			WHERE sm.id = 7084 LIMIT 1
2014-01-06 14:59:50 
			SELECT sm.*,cityref.city as cityname ,YEAR(
				CURRENT_TIMESTAMP ) - YEAR( sm.birthday ) - ( RIGHT(
				CURRENT_TIMESTAMP , 5 ) < RIGHT( sm.birthday, 5 ) ) AS age
			FROM social_member sm
			LEFT JOIN  city_references cityref ON sm.city = cityref.id
			WHERE sm.id = 7084 LIMIT 1
2014-01-06 14:59:50 
			SELECT sm.*,cityref.city as cityname ,YEAR(
				CURRENT_TIMESTAMP ) - YEAR( sm.birthday ) - ( RIGHT(
				CURRENT_TIMESTAMP , 5 ) < RIGHT( sm.birthday, 5 ) ) AS age
			FROM social_member sm
			LEFT JOIN  city_references cityref ON sm.city = cityref.id
			WHERE sm.id = 7084 LIMIT 1
2014-01-06 15:00:14 
			SELECT sm.*,cityref.city as cityname ,YEAR(
				CURRENT_TIMESTAMP ) - YEAR( sm.birthday ) - ( RIGHT(
				CURRENT_TIMESTAMP , 5 ) < RIGHT( sm.birthday, 5 ) ) AS age
			FROM social_member sm
			LEFT JOIN  city_references cityref ON sm.city = cityref.id
			WHERE sm.id = 7084 LIMIT 1
2014-01-06 15:00:14 
			SELECT sm.*,cityref.city as cityname ,YEAR(
				CURRENT_TIMESTAMP ) - YEAR( sm.birthday ) - ( RIGHT(
				CURRENT_TIMESTAMP , 5 ) < RIGHT( sm.birthday, 5 ) ) AS age
			FROM social_member sm
			LEFT JOIN  city_references cityref ON sm.city = cityref.id
			WHERE sm.id = 7084 LIMIT 1
2014-01-06 15:00:23 
			SELECT sm.*,cityref.city as cityname ,YEAR(
				CURRENT_TIMESTAMP ) - YEAR( sm.birthday ) - ( RIGHT(
				CURRENT_TIMESTAMP , 5 ) < RIGHT( sm.birthday, 5 ) ) AS age
			FROM social_member sm
			LEFT JOIN  city_references cityref ON sm.city = cityref.id
			WHERE sm.id = 7084 LIMIT 1
2014-01-06 15:00:23 
			SELECT sm.*,cityref.city as cityname ,YEAR(
				CURRENT_TIMESTAMP ) - YEAR( sm.birthday ) - ( RIGHT(
				CURRENT_TIMESTAMP , 5 ) < RIGHT( sm.birthday, 5 ) ) AS age
			FROM social_member sm
			LEFT JOIN  city_references cityref ON sm.city = cityref.id
			WHERE sm.id = 7084 LIMIT 1
2014-01-06 15:00:30 
			SELECT sm.*,cityref.city as cityname ,YEAR(
				CURRENT_TIMESTAMP ) - YEAR( sm.birthday ) - ( RIGHT(
				CURRENT_TIMESTAMP , 5 ) < RIGHT( sm.birthday, 5 ) ) AS age
			FROM social_member sm
			LEFT JOIN  city_references cityref ON sm.city = cityref.id
			WHERE sm.id = 7084 LIMIT 1
2014-01-06 15:00:32 
			SELECT sm.*,cityref.city as cityname ,YEAR(
				CURRENT_TIMESTAMP ) - YEAR( sm.birthday ) - ( RIGHT(
				CURRENT_TIMESTAMP , 5 ) < RIGHT( sm.birthday, 5 ) ) AS age
			FROM social_member sm
			LEFT JOIN  city_references cityref ON sm.city = cityref.id
			WHERE sm.id = 7084 LIMIT 1
2014-01-06 15:00:37 
			SELECT sm.*,cityref.city as cityname ,YEAR(
				CURRENT_TIMESTAMP ) - YEAR( sm.birthday ) - ( RIGHT(
				CURRENT_TIMESTAMP , 5 ) < RIGHT( sm.birthday, 5 ) ) AS age
			FROM social_member sm
			LEFT JOIN  city_references cityref ON sm.city = cityref.id
			WHERE sm.id = 7084 LIMIT 1
2014-01-06 15:00:40 
			SELECT sm.*,cityref.city as cityname ,YEAR(
				CURRENT_TIMESTAMP ) - YEAR( sm.birthday ) - ( RIGHT(
				CURRENT_TIMESTAMP , 5 ) < RIGHT( sm.birthday, 5 ) ) AS age
			FROM social_member sm
			LEFT JOIN  city_references cityref ON sm.city = cityref.id
			WHERE sm.id = 7084 LIMIT 1
2014-01-06 15:00:40 
			SELECT sm.*,cityref.city as cityname ,YEAR(
				CURRENT_TIMESTAMP ) - YEAR( sm.birthday ) - ( RIGHT(
				CURRENT_TIMESTAMP , 5 ) < RIGHT( sm.birthday, 5 ) ) AS age
			FROM social_member sm
			LEFT JOIN  city_references cityref ON sm.city = cityref.id
			WHERE sm.id = 7084 LIMIT 1
2014-01-06 15:00:49 
			SELECT sm.*,cityref.city as cityname ,YEAR(
				CURRENT_TIMESTAMP ) - YEAR( sm.birthday ) - ( RIGHT(
				CURRENT_TIMESTAMP , 5 ) < RIGHT( sm.birthday, 5 ) ) AS age
			FROM social_member sm
			LEFT JOIN  city_references cityref ON sm.city = cityref.id
			WHERE sm.id = 7084 LIMIT 1
2014-01-06 15:01:09 
			SELECT sm.*,cityref.city as cityname ,YEAR(
				CURRENT_TIMESTAMP ) - YEAR( sm.birthday ) - ( RIGHT(
				CURRENT_TIMESTAMP , 5 ) < RIGHT( sm.birthday, 5 ) ) AS age
			FROM social_member sm
			LEFT JOIN  city_references cityref ON sm.city = cityref.id
			WHERE sm.id = 7084 LIMIT 1
2014-01-06 15:04:06 SELECT * FROM social_member WHERE username='' LIMIT 1
2014-01-06 15:04:06 cannot login, password or username not exists 
2014-01-06 16:13:13 SELECT * FROM social_member WHERE username='acit' LIMIT 1
2014-01-06 16:13:13 can login
2014-01-06 16:13:15 
			SELECT sm.*,cityref.city as cityname ,YEAR(
				CURRENT_TIMESTAMP ) - YEAR( sm.birthday ) - ( RIGHT(
				CURRENT_TIMESTAMP , 5 ) < RIGHT( sm.birthday, 5 ) ) AS age
			FROM social_member sm
			LEFT JOIN  city_references cityref ON sm.city = cityref.id
			WHERE sm.id = 7084 LIMIT 1
2014-01-06 16:13:16 
			SELECT sm.*,cityref.city as cityname ,YEAR(
				CURRENT_TIMESTAMP ) - YEAR( sm.birthday ) - ( RIGHT(
				CURRENT_TIMESTAMP , 5 ) < RIGHT( sm.birthday, 5 ) ) AS age
			FROM social_member sm
			LEFT JOIN  city_references cityref ON sm.city = cityref.id
			WHERE sm.id = 7084 LIMIT 1
2014-01-06 16:13:16 
			SELECT sm.*,cityref.city as cityname ,YEAR(
				CURRENT_TIMESTAMP ) - YEAR( sm.birthday ) - ( RIGHT(
				CURRENT_TIMESTAMP , 5 ) < RIGHT( sm.birthday, 5 ) ) AS age
			FROM social_member sm
			LEFT JOIN  city_references cityref ON sm.city = cityref.id
			WHERE sm.id = 7084 LIMIT 1
