2014-01-03 14:22:31 SELECT * FROM social_member WHERE username='' LIMIT 1
2014-01-03 14:22:31 cannot login, password or username not exists 
2014-01-03 14:22:42 SELECT * FROM social_member WHERE username='' LIMIT 1
2014-01-03 14:22:42 cannot login, password or username not exists 
2014-01-03 14:22:47 SELECT * FROM social_member WHERE username='acit' LIMIT 1
2014-01-03 14:22:47 can login
2014-01-03 14:22:49 
			SELECT sm.*,cityref.city as cityname ,YEAR(
				CURRENT_TIMESTAMP ) - YEAR( sm.birthday ) - ( RIGHT(
				CURRENT_TIMESTAMP , 5 ) < RIGHT( sm.birthday, 5 ) ) AS age
			FROM social_member sm
			LEFT JOIN  city_references cityref ON sm.city = cityref.id
			WHERE sm.id = 7084 LIMIT 1
2014-01-03 14:22:54 
			SELECT sm.*,cityref.city as cityname ,YEAR(
				CURRENT_TIMESTAMP ) - YEAR( sm.birthday ) - ( RIGHT(
				CURRENT_TIMESTAMP , 5 ) < RIGHT( sm.birthday, 5 ) ) AS age
			FROM social_member sm
			LEFT JOIN  city_references cityref ON sm.city = cityref.id
			WHERE sm.id = 7084 LIMIT 1
2014-01-03 14:23:04 
			SELECT sm.*,cityref.city as cityname ,YEAR(
				CURRENT_TIMESTAMP ) - YEAR( sm.birthday ) - ( RIGHT(
				CURRENT_TIMESTAMP , 5 ) < RIGHT( sm.birthday, 5 ) ) AS age
			FROM social_member sm
			LEFT JOIN  city_references cityref ON sm.city = cityref.id
			WHERE sm.id = 7084 LIMIT 1
2014-01-03 14:24:16 
			SELECT sm.*,cityref.city as cityname ,YEAR(
				CURRENT_TIMESTAMP ) - YEAR( sm.birthday ) - ( RIGHT(
				CURRENT_TIMESTAMP , 5 ) < RIGHT( sm.birthday, 5 ) ) AS age
			FROM social_member sm
			LEFT JOIN  city_references cityref ON sm.city = cityref.id
			WHERE sm.id = 7084 LIMIT 1
2014-01-03 14:24:17 
			SELECT sm.*,cityref.city as cityname ,YEAR(
				CURRENT_TIMESTAMP ) - YEAR( sm.birthday ) - ( RIGHT(
				CURRENT_TIMESTAMP , 5 ) < RIGHT( sm.birthday, 5 ) ) AS age
			FROM social_member sm
			LEFT JOIN  city_references cityref ON sm.city = cityref.id
			WHERE sm.id = 7084 LIMIT 1
2014-01-03 14:24:25 
			SELECT sm.*,cityref.city as cityname ,YEAR(
				CURRENT_TIMESTAMP ) - YEAR( sm.birthday ) - ( RIGHT(
				CURRENT_TIMESTAMP , 5 ) < RIGHT( sm.birthday, 5 ) ) AS age
			FROM social_member sm
			LEFT JOIN  city_references cityref ON sm.city = cityref.id
			WHERE sm.id = 7084 LIMIT 1
2014-01-03 14:24:25 
			SELECT sm.*,cityref.city as cityname ,YEAR(
				CURRENT_TIMESTAMP ) - YEAR( sm.birthday ) - ( RIGHT(
				CURRENT_TIMESTAMP , 5 ) < RIGHT( sm.birthday, 5 ) ) AS age
			FROM social_member sm
			LEFT JOIN  city_references cityref ON sm.city = cityref.id
			WHERE sm.id = 7084 LIMIT 1
2014-01-03 14:24:33 
			SELECT sm.*,cityref.city as cityname ,YEAR(
				CURRENT_TIMESTAMP ) - YEAR( sm.birthday ) - ( RIGHT(
				CURRENT_TIMESTAMP , 5 ) < RIGHT( sm.birthday, 5 ) ) AS age
			FROM social_member sm
			LEFT JOIN  city_references cityref ON sm.city = cityref.id
			WHERE sm.id = 7084 LIMIT 1
2014-01-03 14:24:33 
			SELECT sm.*,cityref.city as cityname ,YEAR(
				CURRENT_TIMESTAMP ) - YEAR( sm.birthday ) - ( RIGHT(
				CURRENT_TIMESTAMP , 5 ) < RIGHT( sm.birthday, 5 ) ) AS age
			FROM social_member sm
			LEFT JOIN  city_references cityref ON sm.city = cityref.id
			WHERE sm.id = 7084 LIMIT 1
2014-01-03 14:25:59 
			SELECT sm.*,cityref.city as cityname ,YEAR(
				CURRENT_TIMESTAMP ) - YEAR( sm.birthday ) - ( RIGHT(
				CURRENT_TIMESTAMP , 5 ) < RIGHT( sm.birthday, 5 ) ) AS age
			FROM social_member sm
			LEFT JOIN  city_references cityref ON sm.city = cityref.id
			WHERE sm.id = 7084 LIMIT 1
2014-01-03 14:25:59 
			SELECT sm.*,cityref.city as cityname ,YEAR(
				CURRENT_TIMESTAMP ) - YEAR( sm.birthday ) - ( RIGHT(
				CURRENT_TIMESTAMP , 5 ) < RIGHT( sm.birthday, 5 ) ) AS age
			FROM social_member sm
			LEFT JOIN  city_references cityref ON sm.city = cityref.id
			WHERE sm.id = 7084 LIMIT 1
2014-01-03 14:27:54 
			SELECT sm.*,cityref.city as cityname ,YEAR(
				CURRENT_TIMESTAMP ) - YEAR( sm.birthday ) - ( RIGHT(
				CURRENT_TIMESTAMP , 5 ) < RIGHT( sm.birthday, 5 ) ) AS age
			FROM social_member sm
			LEFT JOIN  city_references cityref ON sm.city = cityref.id
			WHERE sm.id = 7084 LIMIT 1
2014-01-03 14:27:54 
			SELECT sm.*,cityref.city as cityname ,YEAR(
				CURRENT_TIMESTAMP ) - YEAR( sm.birthday ) - ( RIGHT(
				CURRENT_TIMESTAMP , 5 ) < RIGHT( sm.birthday, 5 ) ) AS age
			FROM social_member sm
			LEFT JOIN  city_references cityref ON sm.city = cityref.id
			WHERE sm.id = 7084 LIMIT 1
2014-01-03 14:28:21 
			SELECT sm.*,cityref.city as cityname ,YEAR(
				CURRENT_TIMESTAMP ) - YEAR( sm.birthday ) - ( RIGHT(
				CURRENT_TIMESTAMP , 5 ) < RIGHT( sm.birthday, 5 ) ) AS age
			FROM social_member sm
			LEFT JOIN  city_references cityref ON sm.city = cityref.id
			WHERE sm.id = 7084 LIMIT 1
2014-01-03 14:28:21 
			SELECT sm.*,cityref.city as cityname ,YEAR(
				CURRENT_TIMESTAMP ) - YEAR( sm.birthday ) - ( RIGHT(
				CURRENT_TIMESTAMP , 5 ) < RIGHT( sm.birthday, 5 ) ) AS age
			FROM social_member sm
			LEFT JOIN  city_references cityref ON sm.city = cityref.id
			WHERE sm.id = 7084 LIMIT 1
2014-01-03 14:28:24 
			SELECT sm.*,cityref.city as cityname ,YEAR(
				CURRENT_TIMESTAMP ) - YEAR( sm.birthday ) - ( RIGHT(
				CURRENT_TIMESTAMP , 5 ) < RIGHT( sm.birthday, 5 ) ) AS age
			FROM social_member sm
			LEFT JOIN  city_references cityref ON sm.city = cityref.id
			WHERE sm.id = 7084 LIMIT 1
2014-01-03 14:28:41 
			SELECT sm.*,cityref.city as cityname ,YEAR(
				CURRENT_TIMESTAMP ) - YEAR( sm.birthday ) - ( RIGHT(
				CURRENT_TIMESTAMP , 5 ) < RIGHT( sm.birthday, 5 ) ) AS age
			FROM social_member sm
			LEFT JOIN  city_references cityref ON sm.city = cityref.id
			WHERE sm.id = 7084 LIMIT 1
2014-01-03 14:28:48 
			SELECT sm.*,cityref.city as cityname ,YEAR(
				CURRENT_TIMESTAMP ) - YEAR( sm.birthday ) - ( RIGHT(
				CURRENT_TIMESTAMP , 5 ) < RIGHT( sm.birthday, 5 ) ) AS age
			FROM social_member sm
			LEFT JOIN  city_references cityref ON sm.city = cityref.id
			WHERE sm.id = 7084 LIMIT 1
2014-01-03 14:32:42 
			SELECT sm.*,cityref.city as cityname ,YEAR(
				CURRENT_TIMESTAMP ) - YEAR( sm.birthday ) - ( RIGHT(
				CURRENT_TIMESTAMP , 5 ) < RIGHT( sm.birthday, 5 ) ) AS age
			FROM social_member sm
			LEFT JOIN  city_references cityref ON sm.city = cityref.id
			WHERE sm.id = 7084 LIMIT 1
2014-01-03 14:32:44 
			SELECT sm.*,cityref.city as cityname ,YEAR(
				CURRENT_TIMESTAMP ) - YEAR( sm.birthday ) - ( RIGHT(
				CURRENT_TIMESTAMP , 5 ) < RIGHT( sm.birthday, 5 ) ) AS age
			FROM social_member sm
			LEFT JOIN  city_references cityref ON sm.city = cityref.id
			WHERE sm.id = 7084 LIMIT 1
2014-01-03 14:32:44 
			SELECT sm.*,cityref.city as cityname ,YEAR(
				CURRENT_TIMESTAMP ) - YEAR( sm.birthday ) - ( RIGHT(
				CURRENT_TIMESTAMP , 5 ) < RIGHT( sm.birthday, 5 ) ) AS age
			FROM social_member sm
			LEFT JOIN  city_references cityref ON sm.city = cityref.id
			WHERE sm.id = 7084 LIMIT 1
2014-01-03 14:32:46 
			SELECT sm.*,cityref.city as cityname ,YEAR(
				CURRENT_TIMESTAMP ) - YEAR( sm.birthday ) - ( RIGHT(
				CURRENT_TIMESTAMP , 5 ) < RIGHT( sm.birthday, 5 ) ) AS age
			FROM social_member sm
			LEFT JOIN  city_references cityref ON sm.city = cityref.id
			WHERE sm.id = 7084 LIMIT 1
2014-01-03 14:32:49 
			SELECT sm.*,cityref.city as cityname ,YEAR(
				CURRENT_TIMESTAMP ) - YEAR( sm.birthday ) - ( RIGHT(
				CURRENT_TIMESTAMP , 5 ) < RIGHT( sm.birthday, 5 ) ) AS age
			FROM social_member sm
			LEFT JOIN  city_references cityref ON sm.city = cityref.id
			WHERE sm.id = 7084 LIMIT 1
2014-01-03 14:32:51 
			SELECT sm.*,cityref.city as cityname ,YEAR(
				CURRENT_TIMESTAMP ) - YEAR( sm.birthday ) - ( RIGHT(
				CURRENT_TIMESTAMP , 5 ) < RIGHT( sm.birthday, 5 ) ) AS age
			FROM social_member sm
			LEFT JOIN  city_references cityref ON sm.city = cityref.id
			WHERE sm.id = 7084 LIMIT 1
2014-01-03 14:41:04 
			SELECT sm.*,cityref.city as cityname ,YEAR(
				CURRENT_TIMESTAMP ) - YEAR( sm.birthday ) - ( RIGHT(
				CURRENT_TIMESTAMP , 5 ) < RIGHT( sm.birthday, 5 ) ) AS age
			FROM social_member sm
			LEFT JOIN  city_references cityref ON sm.city = cityref.id
			WHERE sm.id = 7084 LIMIT 1
2014-01-03 14:41:39 
			SELECT sm.*,cityref.city as cityname ,YEAR(
				CURRENT_TIMESTAMP ) - YEAR( sm.birthday ) - ( RIGHT(
				CURRENT_TIMESTAMP , 5 ) < RIGHT( sm.birthday, 5 ) ) AS age
			FROM social_member sm
			LEFT JOIN  city_references cityref ON sm.city = cityref.id
			WHERE sm.id = 7084 LIMIT 1
2014-01-03 14:41:39 
			SELECT sm.*,cityref.city as cityname ,YEAR(
				CURRENT_TIMESTAMP ) - YEAR( sm.birthday ) - ( RIGHT(
				CURRENT_TIMESTAMP , 5 ) < RIGHT( sm.birthday, 5 ) ) AS age
			FROM social_member sm
			LEFT JOIN  city_references cityref ON sm.city = cityref.id
			WHERE sm.id = 7084 LIMIT 1
